android/app/build/intermediates/manifest_merge_blame_file/debug/manifest-merger-blame-debug-report.txt
1<?xml version="1.0" encoding="utf-8"?>
2<manifest xmlns:android="http://schemas.android.com/apk/res/android"
3    package="com.chapshopreseller"
4    android:versionCode="1"
5    android:versionName="1.0" >
6
7    <uses-sdk
8        android:minSdkVersion="21"
9        android:targetSdkVersion="30" />
10
11    <uses-permission android:name="android.permission.SYSTEM_ALERT_WINDOW" />
11-->src/debug/AndroidManifest.xml:5:5-77
11-->src/debug/AndroidManifest.xml:5:22-75
12    <uses-permission android:name="android.permission.INTERNET" />
12-->src/main/AndroidManifest.xml:4:5-67
12-->src/main/AndroidManifest.xml:4:22-64
13    <uses-permission android:name="android.permission.CAMERA" />
13-->src/main/AndroidManifest.xml:5:5-64
13-->src/main/AndroidManifest.xml:5:22-62
14
15    <uses-feature
15-->src/main/AndroidManifest.xml:6:5-85
16        android:name="android.hardware.camera"
16-->src/main/AndroidManifest.xml:6:19-57
17        android:required="false" />
17-->src/main/AndroidManifest.xml:6:58-82
18    <uses-feature
18-->src/main/AndroidManifest.xml:7:5-91
19        android:name="android.hardware.camera.front"
19-->src/main/AndroidManifest.xml:7:19-63
20        android:required="false" />
20-->src/main/AndroidManifest.xml:7:64-88
21
22    <uses-permission android:name="android.permission.ACCESS_WIFI_STATE" />
22-->[com.facebook.flipper:flipper:0.99.0] AndroidManifest.xml:16:5-76
22-->[com.facebook.flipper:flipper:0.99.0] AndroidManifest.xml:16:22-73
23
24    <queries>
24-->[:react-native-image-crop-picker] AndroidManifest.xml:9:5-13:15
25        <intent>
25-->[:react-native-image-crop-picker] AndroidManifest.xml:10:9-12:18
26            <action android:name="android.media.action.IMAGE_CAPTURE" />
26-->[:react-native-image-crop-picker] AndroidManifest.xml:11:13-73
26-->[:react-native-image-crop-picker] AndroidManifest.xml:11:21-70
27        </intent>
28    </queries>
29
30    <uses-permission android:name="android.permission.WRITE_EXTERNAL_STORAGE" /> <!-- Required by older versions of Google Play services to create IID tokens -->
30-->[:react-native-image-crop-picker] AndroidManifest.xml:15:5-81
30-->[:react-native-image-crop-picker] AndroidManifest.xml:15:22-78
31    <uses-permission android:name="com.google.android.c2dm.permission.RECEIVE" />
31-->[com.google.android.gms:play-services-iid:17.0.0] AndroidManifest.xml:23:5-82
31-->[com.google.android.gms:play-services-iid:17.0.0] AndroidManifest.xml:23:22-79
32    <uses-permission android:name="com.google.android.finsky.permission.BIND_GET_INSTALL_REFERRER_SERVICE" />
32-->[com.android.installreferrer:installreferrer:1.1.2] AndroidManifest.xml:9:5-110
32-->[com.android.installreferrer:installreferrer:1.1.2] AndroidManifest.xml:9:22-107
33
34    <application
34-->src/main/AndroidManifest.xml:10:5-29:19
35        android:name="com.chapshopreseller.MainApplication"
35-->src/main/AndroidManifest.xml:11:7-38
36        android:allowBackup="false"
36-->src/main/AndroidManifest.xml:15:7-34
37        android:appComponentFactory="androidx.core.app.CoreComponentFactory"
37-->[androidx.core:core:1.6.0] AndroidManifest.xml:24:18-86
38        android:debuggable="true"
39        android:icon="@mipmap/ic_launcher"
39-->src/main/AndroidManifest.xml:13:7-41
40        android:label="@string/app_name"
40-->src/main/AndroidManifest.xml:12:7-39
41        android:roundIcon="@mipmap/ic_launcher_round"
41-->src/main/AndroidManifest.xml:14:7-52
42        android:theme="@style/AppTheme"
42-->src/main/AndroidManifest.xml:16:7-38
43        android:usesCleartextTraffic="true" >
43-->src/debug/AndroidManifest.xml:8:9-44
44        <activity android:name="com.facebook.react.devsupport.DevSettingsActivity" />
44-->src/debug/AndroidManifest.xml:11:9-86
44-->src/debug/AndroidManifest.xml:11:19-83
45        <activity
45-->src/main/AndroidManifest.xml:17:7-28:18
46            android:name="com.chapshopreseller.MainActivity"
46-->src/main/AndroidManifest.xml:18:9-37
47            android:configChanges="keyboard|keyboardHidden|orientation|screenSize|uiMode"
47-->src/main/AndroidManifest.xml:20:9-86
48            android:exported="true"
48-->src/main/AndroidManifest.xml:23:9-32
49            android:label="@string/app_name"
49-->src/main/AndroidManifest.xml:19:9-41
50            android:launchMode="singleTask"
50-->src/main/AndroidManifest.xml:21:9-40
51            android:windowSoftInputMode="adjustResize" >
51-->src/main/AndroidManifest.xml:22:9-51
52            <intent-filter>
52-->src/main/AndroidManifest.xml:24:9-27:25
53                <action android:name="android.intent.action.MAIN" />
53-->src/main/AndroidManifest.xml:25:13-65
53-->src/main/AndroidManifest.xml:25:21-62
54
55                <category android:name="android.intent.category.LAUNCHER" />
55-->src/main/AndroidManifest.xml:26:13-73
55-->src/main/AndroidManifest.xml:26:23-70
56            </intent-filter>
57        </activity>
58
59        <provider
59-->[:react-native-image-crop-picker] AndroidManifest.xml:18:9-26:20
60            android:name="androidx.core.content.FileProvider"
60-->[:react-native-image-crop-picker] AndroidManifest.xml:19:13-62
61            android:authorities="com.chapshopreseller.provider"
61-->[:react-native-image-crop-picker] AndroidManifest.xml:20:13-60
62            android:exported="false"
62-->[:react-native-image-crop-picker] AndroidManifest.xml:21:13-37
63            android:grantUriPermissions="true" >
63-->[:react-native-image-crop-picker] AndroidManifest.xml:22:13-47
64            <meta-data
64-->[:react-native-image-crop-picker] AndroidManifest.xml:23:13-25:58
65                android:name="android.support.FILE_PROVIDER_PATHS"
65-->[:react-native-image-crop-picker] AndroidManifest.xml:24:17-67
66                android:resource="@xml/provider_paths" />
66-->[:react-native-image-crop-picker] AndroidManifest.xml:25:17-55
67        </provider>
68
69        <activity
69-->[:react-native-image-crop-picker] AndroidManifest.xml:28:9-30:72
70            android:name="com.yalantis.ucrop.UCropActivity"
70-->[:react-native-image-crop-picker] AndroidManifest.xml:29:13-60
71            android:theme="@style/Theme.AppCompat.Light.NoActionBar" />
71-->[:react-native-image-crop-picker] AndroidManifest.xml:30:13-69
72        <activity
72-->[com.google.android.gms:play-services-base:17.0.0] AndroidManifest.xml:23:9-26:75
73            android:name="com.google.android.gms.common.api.GoogleApiActivity"
73-->[com.google.android.gms:play-services-base:17.0.0] AndroidManifest.xml:24:13-79
74            android:exported="false"
74-->[com.google.android.gms:play-services-base:17.0.0] AndroidManifest.xml:25:13-37
75            android:theme="@android:style/Theme.Translucent.NoTitleBar" />
75-->[com.google.android.gms:play-services-base:17.0.0] AndroidManifest.xml:26:13-72
76
77        <meta-data
77-->[com.google.android.gms:play-services-basement:17.0.0] AndroidManifest.xml:23:9-25:69
78            android:name="com.google.android.gms.version"
78-->[com.google.android.gms:play-services-basement:17.0.0] AndroidManifest.xml:24:13-58
79            android:value="@integer/google_play_services_version" />
79-->[com.google.android.gms:play-services-basement:17.0.0] AndroidManifest.xml:25:13-66
80    </application>
81
82</manifest>